# JRE version: OpenJDK Runtime Environment (8.0_121-b13) (build 1.8.0_121-b13)
# Java VM: OpenJDK 64-Bit Server VM (25.121-b13 mixed mode linux-amd64 compressed oops)
Heap:
 PSYoungGen      total 79872K, used 41467K [0x00000000d9580000, 0x00000000dfa00000, 0x0000000100000000)
  eden space 67072K, 49% used [0x00000000d9580000,0x00000000db63e9c8,0x00000000dd700000)
  from space 12800K, 62% used [0x00000000de300000,0x00000000deac02e0,0x00000000def80000)
  to   space 12288K, 0% used [0x00000000dd700000,0x00000000dd700000,0x00000000de300000)
 ParOldGen       total 69120K, used 5215K [0x000000008c000000, 0x0000000090380000, 0x00000000d9580000)
  object space 69120K, 7% used [0x000000008c000000,0x000000008c517c20,0x0000000090380000)
 Metaspace       used 26275K, capacity 27762K, committed 27904K, reserved 1073152K
  class space    used 3195K, capacity 3478K, committed 3584K, reserved 1048576K
GC Heap History (10 events):
Event: 51.822 GC heap before
{Heap before GC invocations=9 (full 2):
 PSYoungGen      total 66560K, used 54784K [0x00000000d9580000, 0x00000000de200000, 0x0000000100000000)
  eden space 54784K, 100% used [0x00000000d9580000,0x00000000dcb00000,0x00000000dcb00000)
  from space 11776K, 0% used [0x00000000dd680000,0x00000000dd680000,0x00000000de200000)
  to   space 11776K, 0% used [0x00000000dcb00000,0x00000000dcb00000,0x00000000dd680000)
 ParOldGen       total 69120K, used 5335K [0x000000008c000000, 0x0000000090380000, 0x00000000d9580000)
  object space 69120K, 7% used [0x000000008c000000,0x000000008c535e18,0x0000000090380000)
 Metaspace       used 24923K, capacity 26178K, committed 26496K, reserved 1073152K
  class space    used 3086K, capacity 3350K, committed 3456K, reserved 1048576K
Event: 51.829 GC heap after
Heap after GC invocations=9 (full 2):
 PSYoungGen      total 66560K, used 10027K [0x00000000d9580000, 0x00000000df100000, 0x0000000100000000)
  eden space 54784K, 0% used [0x00000000d9580000,0x00000000d9580000,0x00000000dcb00000)
  from space 11776K, 85% used [0x00000000dcb00000,0x00000000dd4cae60,0x00000000dd680000)
  to   space 12288K, 0% used [0x00000000de500000,0x00000000de500000,0x00000000df100000)
 ParOldGen       total 69120K, used 5343K [0x000000008c000000, 0x0000000090380000, 0x00000000d9580000)
  object space 69120K, 7% used [0x000000008c000000,0x000000008c537e18,0x0000000090380000)
 Metaspace       used 24923K, capacity 26178K, committed 26496K, reserved 1073152K
  class space    used 3086K, capacity 3350K, committed 3456K, reserved 1048576K
}
Event: 69.579 GC heap before
{Heap before GC invocations=10 (full 2):
 PSYoungGen      total 66560K, used 64590K [0x00000000d9580000, 0x00000000df100000, 0x0000000100000000)
  eden space 54784K, 99% used [0x00000000d9580000,0x00000000dcac8ab8,0x00000000dcb00000)
  from space 11776K, 85% used [0x00000000dcb00000,0x00000000dd4cae60,0x00000000dd680000)
  to   space 12288K, 0% used [0x00000000de500000,0x00000000de500000,0x00000000df100000)
 ParOldGen       total 69120K, used 5343K [0x000000008c000000, 0x0000000090380000, 0x00000000d9580000)
  object space 69120K, 7% used [0x000000008c000000,0x000000008c537e18,0x0000000090380000)
 Metaspace       used 25291K, capacity 26594K, committed 26752K, reserved 1073152K
  class space    used 3119K, capacity 3404K, committed 3456K, reserved 1048576K
Event: 69.590 GC heap after
Heap after GC invocations=10 (full 2):
 PSYoungGen      total 77312K, used 9814K [0x00000000d9580000, 0x00000000def80000, 0x0000000100000000)
  eden space 66560K, 0% used [0x00000000d9580000,0x00000000d9580000,0x00000000dd680000)
  from space 10752K, 91% used [0x00000000de500000,0x00000000dee95800,0x00000000def80000)
  to   space 12800K, 0% used [0x00000000dd680000,0x00000000dd680000,0x00000000de300000)
 ParOldGen       total 69120K, used 5351K [0x000000008c000000, 0x0000000090380000, 0x00000000d9580000)
  object space 69120K, 7% used [0x000000008c000000,0x000000008c539e18,0x0000000090380000)
 Metaspace       used 25291K, capacity 26594K, committed 26752K, reserved 1073152K
  class space    used 3119K, capacity 3404K, committed 3456K, reserved 1048576K
}
Event: 86.600 GC heap before
{Heap before GC invocations=11 (full 2):
 PSYoungGen      total 77312K, used 58898K [0x00000000d9580000, 0x00000000def80000, 0x0000000100000000)
  eden space 66560K, 73% used [0x00000000d9580000,0x00000000dc56f3d0,0x00000000dd680000)
  from space 10752K, 91% used [0x00000000de500000,0x00000000dee95800,0x00000000def80000)
  to   space 12800K, 0% used [0x00000000dd680000,0x00000000dd680000,0x00000000de300000)
 ParOldGen       total 69120K, used 5351K [0x000000008c000000, 0x0000000090380000, 0x00000000d9580000)
  object space 69120K, 7% used [0x000000008c000000,0x000000008c539e18,0x0000000090380000)
 Metaspace       used 25485K, capacity 26818K, committed 27008K, reserved 1073152K
  class space    used 3134K, capacity 3408K, committed 3456K, reserved 1048576K
Event: 86.604 GC heap after
Heap after GC invocations=11 (full 2):
 PSYoungGen      total 79360K, used 5621K [0x00000000d9580000, 0x00000000def80000, 0x0000000100000000)
  eden space 66560K, 0% used [0x00000000d9580000,0x00000000d9580000,0x00000000dd680000)
  from space 12800K, 43% used [0x00000000dd680000,0x00000000ddbfd740,0x00000000de300000)
  to   space 12800K, 0% used [0x00000000de300000,0x00000000de300000,0x00000000def80000)
 ParOldGen       total 69120K, used 5359K [0x000000008c000000, 0x0000000090380000, 0x00000000d9580000)
  object space 69120K, 7% used [0x000000008c000000,0x000000008c53be18,0x0000000090380000)
 Metaspace       used 25485K, capacity 26818K, committed 27008K, reserved 1073152K
  class space    used 3134K, capacity 3408K, committed 3456K, reserved 1048576K
}
Event: 86.604 GC heap before
{Heap before GC invocations=12 (full 3):
 PSYoungGen      total 79360K, used 5621K [0x00000000d9580000, 0x00000000def80000, 0x0000000100000000)
  eden space 66560K, 0% used [0x00000000d9580000,0x00000000d9580000,0x00000000dd680000)
  from space 12800K, 43% used [0x00000000dd680000,0x00000000ddbfd740,0x00000000de300000)
  to   space 12800K, 0% used [0x00000000de300000,0x00000000de300000,0x00000000def80000)
 ParOldGen       total 69120K, used 5359K [0x000000008c000000, 0x0000000090380000, 0x00000000d9580000)
  object space 69120K, 7% used [0x000000008c000000,0x000000008c53be18,0x0000000090380000)
 Metaspace       used 25485K, capacity 26818K, committed 27008K, reserved 1073152K
  class space    used 3134K, capacity 3408K, committed 3456K, reserved 1048576K
Event: 86.653 GC heap after
Heap after GC invocations=12 (full 3):
 PSYoungGen      total 79360K, used 0K [0x00000000d9580000, 0x00000000def80000, 0x0000000100000000)
  eden space 66560K, 0% used [0x00000000d9580000,0x00000000d9580000,0x00000000dd680000)
  from space 12800K, 0% used [0x00000000dd680000,0x00000000dd680000,0x00000000de300000)
  to   space 12800K, 0% used [0x00000000de300000,0x00000000de300000,0x00000000def80000)
 ParOldGen       total 69120K, used 5207K [0x000000008c000000, 0x0000000090380000, 0x00000000d9580000)
  object space 69120K, 7% used [0x000000008c000000,0x000000008c515c20,0x0000000090380000)
 Metaspace       used 25485K, capacity 26818K, committed 27008K, reserved 1073152K
  class space    used 3134K, capacity 3408K, committed 3456K, reserved 1048576K
}
Event: 104.516 GC heap before
{Heap before GC invocations=13 (full 3):
 PSYoungGen      total 79360K, used 66560K [0x00000000d9580000, 0x00000000def80000, 0x0000000100000000)
  eden space 66560K, 100% used [0x00000000d9580000,0x00000000dd680000,0x00000000dd680000)
  from space 12800K, 0% used [0x00000000dd680000,0x00000000dd680000,0x00000000de300000)
  to   space 12800K, 0% used [0x00000000de300000,0x00000000de300000,0x00000000def80000)
 ParOldGen       total 69120K, used 5207K [0x000000008c000000, 0x0000000090380000, 0x00000000d9580000)
  object space 69120K, 7% used [0x000000008c000000,0x000000008c515c20,0x0000000090380000)
 Metaspace       used 25959K, capacity 27406K, committed 27648K, reserved 1073152K
  class space    used 3187K, capacity 3462K, committed 3584K, reserved 1048576K
Event: 104.520 GC heap after
Heap after GC invocations=13 (full 3):
 PSYoungGen      total 79872K, used 7936K [0x00000000d9580000, 0x00000000dfa00000, 0x0000000100000000)
  eden space 67072K, 0% used [0x00000000d9580000,0x00000000d9580000,0x00000000dd700000)
  from space 12800K, 62% used [0x00000000de300000,0x00000000deac02e0,0x00000000def80000)
  to   space 12288K, 0% used [0x00000000dd700000,0x00000000dd700000,0x00000000de300000)
 ParOldGen       total 69120K, used 5215K [0x000000008c000000, 0x0000000090380000, 0x00000000d9580000)
  object space 69120K, 7% used [0x000000008c000000,0x000000008c517c20,0x0000000090380000)
 Metaspace       used 25959K, capacity 27406K, committed 27648K, reserved 1073152K
  class space    used 3187K, capacity 3462K, committed 3584K, reserved 1048576K
}

